<?xml version="1.0" encoding="UTF-8"?>
<!-- Generated by org.testng.reporters.JUnitReportReporter -->
<testsuite hostname="Meesha" failures="0" tests="1" name="test.GoogleSearchTest2" time="9.975" errors="0" timestamp="2024-01-16T20:53:20 IST" skipped="0">
  <testcase classname="test.GoogleSearchTest2" name="ResultTest2" time="9.975"/>
  <system-out/>
</testsuite> <!-- test.GoogleSearchTest2 -->
