<?xml version="1.0" encoding="UTF-8"?>
<!-- Generated by org.testng.reporters.JUnitReportReporter -->
<testsuite hostname="Meesha" failures="0" tests="1" name="test.GTest" time="9.190" errors="0" timestamp="2024-01-17T17:35:22 IST" skipped="0">
  <testcase classname="test.GTest" name="MavenTest" time="9.190"/>
  <system-out/>
</testsuite> <!-- test.GTest -->
