<?xml version="1.0" encoding="UTF-8"?>
<!-- Generated by org.testng.reporters.JUnitReportReporter -->
<testsuite hostname="Meesha" failures="0" tests="1" name="test.GoogleSearchTest" time="8.510" errors="0" timestamp="2024-01-17T17:35:22 IST" skipped="0">
  <testcase classname="test.GoogleSearchTest" name="SeleniumTest" time="8.510"/>
  <system-out/>
</testsuite> <!-- test.GoogleSearchTest -->
