<?xml version="1.0" encoding="UTF-8"?>
<!-- Generated by org.testng.reporters.JUnitReportReporter -->
<testsuite hostname="Meesha" failures="0" tests="1" name="test.GoogleSearchTest" time="10.129" errors="0" timestamp="2024-01-16T20:53:20 IST" skipped="0">
  <testcase classname="test.GoogleSearchTest" name="SearchResultTest" time="10.129"/>
  <system-out/>
</testsuite> <!-- test.GoogleSearchTest -->
